#
# A fatal error has been detected by the Java Runtime Environment:
#
#  SIGSEGV (0xb) at pc=0x000000010a48a0b0, pid=1490, tid=0x0000000000004b03
#
# JRE version: Java(TM) SE Runtime Environment (8.0_181-b13) (build 1.8.0_181-b13)
# Java VM: Java HotSpot(TM) 64-Bit Server VM (25.181-b13 mixed mode bsd-amd64 compressed oops)
# Problematic frame:
# V  [libjvm.dylib+0x28a0b0]
#
# Failed to write core dump. Core dumps have been disabled. To enable core dumping, try "ulimit -c unlimited" before starting Java again
#
# If you would like to submit a bug report, please visit:
#   http://bugreport.java.com/bugreport/crash.jsp
#

---------------  T H R E A D  ---------------

Current thread (0x00007f87d000b000):  VMThread [stack: 0x000070000a489000,0x000070000a589000] [id=19203]

siginfo: si_signo: 11 (SIGSEGV), si_code: 0 (unknown), si_addr: 0x0000000000000000

Registers:
RAX=0x00007f87ce519890, RBX=0x000070000a5886d8, RCX=0xffffffffffffcb04, RDX=0x0000000000000000
RSP=0x000070000a5884e0, RBP=0x000070000a5884f0, RSI=0x00000000ffffcb04, RDI=0x000070000a5886d8
R8 =0x1ffffffffffff960, R9 =0x0000000000000003, R10=0x00000000fffe0000, R11=0x00007f87ce600000
R12=0x00000000000000a7, R13=0x0000000000000037, R14=0x0000000000000037, R15=0x000070000a588560
RIP=0x000000010a48a0b0, EFLAGS=0x0000000000010a06, ERR=0x0000000000000000
  TRAPNO=0x000000000000000d

Top of Stack: (sp=0x000070000a5884e0)
0x000070000a5884e0:   000070000a5886d8 000070000a5886d8
0x000070000a5884f0:   000070000a588550 000000010a48a463
0x000070000a588500:   000070000a588520 0000000000000000
0x000070000a588510:   000000010a48a092 000070000a588560
0x000070000a588520:   000070000a588550 000070000a5886d8
0x000070000a588530:   00000000000000a7 0000000000000037
0x000070000a588540:   000000011042f401 000070000a588560
0x000070000a588550:   000070000a5885e0 000000010a48b183
0x000070000a588560:   000070000a5886f0 000000011042f4e8
0x000070000a588570:   00007f87d000b000 0000003a00000037
0x000070000a588580:   000000a70000003c 000000a710420000
0x000070000a588590:   0000000000000000 0000003c00000000
0x000070000a5885a0:   000000011042f4e8 00007f87d000b000
0x000070000a5885b0:   000000011042f4e8 00007f87d000b000
0x000070000a5885c0:   000000011042f4e8 000000011042f4e8
0x000070000a5885d0:   000070000a5886d8 000000011042f4e8
0x000070000a5885e0:   000070000a588670 000000010a48b3db
0x000070000a5885f0:   000000010a820000 0000000000000000
0x000070000a588600:   000000010a82ec5a 0000000000000000
0x000070000a588610:   0000000000000100 000070000a580100
0x000070000a588620:   0000000000000000 000000010a81b982
0x000070000a588630:   000070000a588600 0000000000000000
0x000070000a588640:   000000011042f4e8 00007f87d000b000
0x000070000a588650:   000000011042f4e8 000070000a5886d8
0x000070000a588660:   00007f87d000b000 00007f87ce6070d0
0x000070000a588670:   000070000a5886c0 000000010a685331
0x000070000a588680:   00007f87ce40c350 00007f87ce5197e0
0x000070000a588690:   00007f87ce5197f0 00007f87ce519bc8
0x000070000a5886a0:   00000000000003d8 0000000000000034
0x000070000a5886b0:   000070000a588868 00007f87ce6070d0
0x000070000a5886c0:   000070000a588850 000000010a68553a
0x000070000a5886d0:   0000000000000004 000000010aadd100 

Instructions: (pc=0x000000010a48a0b0)
0x000000010a48a090:   c3 90 55 48 89 e5 53 48 83 ec 08 48 8b 87 90 00
0x000000010a48a0a0:   00 00 48 63 ce 49 89 c8 49 83 e0 c0 49 c1 e8 03
0x000000010a48a0b0:   4a 8b 04 00 48 0f a3 f0 72 17 48 89 fb 48 8d 7b
0x000000010a48a0c0:   70 ba 01 00 00 00 48 89 ce e8 60 c8 e4 ff ff 43 

Register to memory mapping:

RAX=0x00007f87ce519890 is an unknown value
RBX=0x000070000a5886d8 is an unknown value
RCX=0xffffffffffffcb04 is an unknown value
RDX=0x0000000000000000 is an unknown value
RSP=0x000070000a5884e0 is an unknown value
RBP=0x000070000a5884f0 is an unknown value
RSI=0x00000000ffffcb04 is an unknown value
RDI=0x000070000a5886d8 is an unknown value
R8 =0x1ffffffffffff960 is an unknown value
R9 =0x0000000000000003 is an unknown value
R10=0x00000000fffe0000 is an unknown value
R11=0x00007f87ce600000 is an unknown value
R12=0x00000000000000a7 is an unknown value
R13=0x0000000000000037 is an unknown value
R14=0x0000000000000037 is an unknown value
R15=0x000070000a588560 is an unknown value


Stack: [0x000070000a489000,0x000070000a589000],  sp=0x000070000a5884e0,  free space=1021k
Native frames: (J=compiled Java code, j=interpreted, Vv=VM code, C=native code)
V  [libjvm.dylib+0x28a0b0]
V  [libjvm.dylib+0x28a463]
V  [libjvm.dylib+0x28b183]
V  [libjvm.dylib+0x28b3db]
V  [libjvm.dylib+0x485331]
V  [libjvm.dylib+0x48553a]
V  [libjvm.dylib+0x48571b]
V  [libjvm.dylib+0x4859d2]
V  [libjvm.dylib+0x2c2b04]
V  [libjvm.dylib+0x45306d]
V  [libjvm.dylib+0x39afbf]
V  [libjvm.dylib+0x5bd499]
V  [libjvm.dylib+0x5bba31]
V  [libjvm.dylib+0x5bbe7e]
V  [libjvm.dylib+0x5bb79d]
V  [libjvm.dylib+0x48e342]
C  [libsystem_pthread.dylib+0x3661]  _pthread_body+0x154
C  [libsystem_pthread.dylib+0x350d]  _pthread_body+0x0
C  [libsystem_pthread.dylib+0x2bf9]  thread_start+0xd

VM_Operation (0x000070000a994938): GetOrSetLocal, mode: safepoint, requested by thread 0x00007f87d100b000


---------------  P R O C E S S  ---------------

Java Threads: ( => current thread )
  0x00007f87d101b800 JavaThread "Service Thread" daemon [_thread_blocked, id=22019, stack(0x000070000afaa000,0x000070000b0aa000)]
  0x00007f87cf014000 JavaThread "C1 CompilerThread3" daemon [_thread_blocked, id=43267, stack(0x000070000aea7000,0x000070000afa7000)]
  0x00007f87cf013000 JavaThread "C2 CompilerThread2" daemon [_thread_blocked, id=15363, stack(0x000070000ada4000,0x000070000aea4000)]
  0x00007f87cf012800 JavaThread "C2 CompilerThread1" daemon [_thread_blocked, id=15619, stack(0x000070000aca1000,0x000070000ada1000)]
  0x00007f87d000f000 JavaThread "C2 CompilerThread0" daemon [_thread_blocked, id=16131, stack(0x000070000ab9e000,0x000070000ac9e000)]
  0x00007f87d100b800 JavaThread "JDWP Command Reader" daemon [_thread_in_native, id=14595, stack(0x000070000aa9b000,0x000070000ab9b000)]
  0x00007f87cf01a800 JavaThread "JDWP Event Helper Thread" daemon [_thread_blocked, id=14083, stack(0x000070000a998000,0x000070000aa98000)]
  0x00007f87d100b000 JavaThread "JDWP Transport Listener: dt_socket" daemon [_thread_blocked, id=13831, stack(0x000070000a895000,0x000070000a995000)]
  0x00007f87d2809000 JavaThread "Signal Dispatcher" daemon [_thread_blocked, id=13575, stack(0x000070000a792000,0x000070000a892000)]
  0x00007f87d0800800 JavaThread "Finalizer" daemon [_thread_blocked, id=18691, stack(0x000070000a68f000,0x000070000a78f000)]
  0x00007f87ce817000 JavaThread "Reference Handler" daemon [_thread_blocked, id=11779, stack(0x000070000a58c000,0x000070000a68c000)]
  0x00007f87cf002800 JavaThread "main" [_thread_blocked, id=6659, stack(0x0000700009b6e000,0x0000700009c6e000)]

Other Threads:
=>0x00007f87d000b000 VMThread [stack: 0x000070000a489000,0x000070000a589000] [id=19203]
  0x00007f87d2028000 WatcherThread [stack: 0x000070000b0ad000,0x000070000b1ad000] [id=42499]

VM state:at safepoint (normal execution)

VM Mutex/Monitor currently owned by a thread:  ([mutex/lock_event])
[0x00007f87ce403fa0] Threads_lock - owner thread: 0x00007f87d000b000

Heap:
 PSYoungGen      total 38400K, used 3336K [0x0000000795580000, 0x0000000798000000, 0x00000007c0000000)
  eden space 33280K, 10% used [0x0000000795580000,0x00000007958c23e0,0x0000000797600000)
  from space 5120K, 0% used [0x0000000797b00000,0x0000000797b00000,0x0000000798000000)
  to   space 5120K, 0% used [0x0000000797600000,0x0000000797600000,0x0000000797b00000)
 ParOldGen       total 87552K, used 0K [0x0000000740000000, 0x0000000745580000, 0x0000000795580000)
  object space 87552K, 0% used [0x0000000740000000,0x0000000740000000,0x0000000745580000)
 Metaspace       used 3199K, capacity 4664K, committed 4864K, reserved 1056768K
  class space    used 340K, capacity 424K, committed 512K, reserved 1048576K

Card table byte_map: [0x000000010b574000,0x000000010b975000] byte_map_base: 0x0000000107b74000

Marking Bits: (ParMarkBitMap*) 0x000000010aaf9cd0
 Begin Bits: [0x000000010bc20000, 0x000000010dc20000)
 End Bits:   [0x000000010dc20000, 0x000000010fc20000)

Polling page: 0x0000000109080000

CodeCache: size=245760Kb used=1138Kb max_used=1138Kb free=244621Kb
 bounds [0x0000000111d1b000, 0x0000000111f8b000, 0x0000000120d1b000]
 total_blobs=266 nmethods=31 adapters=157
 compilation: enabled

Compilation events (10 events):
Event: 0.162 Thread 0x00007f87cf014000   27       3       java.util.ArrayList::get (11 bytes)
Event: 0.162 Thread 0x00007f87cf014000 nmethod 27 0x0000000111e300d0 code [0x0000000111e30280, 0x0000000111e305d8]
Event: 0.162 Thread 0x00007f87cf014000   31  s!   3       sun.misc.URLClassPath::getLoader (243 bytes)
Event: 0.164 Thread 0x00007f87cf014000 nmethod 31 0x0000000111e30fd0 code [0x0000000111e31420, 0x0000000111e34178]
Event: 0.164 Thread 0x00007f87cf014000   28       3       java.util.ArrayList::rangeCheck (22 bytes)
Event: 0.164 Thread 0x00007f87cf014000 nmethod 28 0x0000000111e35e90 code [0x0000000111e360c0, 0x0000000111e36b78]
Event: 0.164 Thread 0x00007f87cf014000   29       3       java.util.ArrayList::elementData (7 bytes)
Event: 0.165 Thread 0x00007f87cf014000 nmethod 29 0x0000000111e2dfd0 code [0x0000000111e2e140, 0x0000000111e2e2d0]
Event: 0.165 Thread 0x00007f87cf014000   30  s    3       sun.misc.URLClassPath::getNextLoader (88 bytes)
Event: 0.165 Thread 0x00007f87cf014000 nmethod 30 0x0000000111e37190 code [0x0000000111e37380, 0x0000000111e37c28]

GC Heap History (0 events):
No events

Deoptimization events (0 events):
No events

Classes redefined (3 events):
Event: 29.789 Thread 0x00007f87d000b000 redefined class name=Leetcode.ReverseInteger, count=1
Event: 318.288 Thread 0x00007f87d000b000 redefined class name=Leetcode.ReverseInteger, count=2
Event: 546.022 Thread 0x00007f87d000b000 redefined class name=Leetcode.ReverseInteger, count=3

Internal exceptions (2 events):
Event: 0.029 Thread 0x00007f87cf002800 Exception <a 'java/lang/NoSuchMethodError': Method sun.misc.Unsafe.defineClass(Ljava/lang/String;[BII)Ljava/lang/Class; name or signature does not match> (0x0000000795587cb0) thrown at [/Users/java_re/workspace/8-2-build-macosx-x86_64/jdk8u181/11358/hotsp
Event: 0.029 Thread 0x00007f87cf002800 Exception <a 'java/lang/NoSuchMethodError': Method sun.misc.Unsafe.prefetchRead(Ljava/lang/Object;J)V name or signature does not match> (0x0000000795587f98) thrown at [/Users/java_re/workspace/8-2-build-macosx-x86_64/jdk8u181/11358/hotspot/src/share/vm/pr

Events (10 events):
Event: 546.056 Executing VM operation: ChangeBreakpoints done
Event: 546.057 Executing VM operation: ChangeBreakpoints
Event: 546.057 Executing VM operation: ChangeBreakpoints done
Event: 546.058 Executing VM operation: ChangeBreakpoints
Event: 546.058 Executing VM operation: ChangeBreakpoints done
Event: 546.058 Executing VM operation: ChangeBreakpoints
Event: 546.058 Executing VM operation: ChangeBreakpoints done
Event: 546.059 Executing VM operation: ChangeBreakpoints
Event: 546.059 Executing VM operation: ChangeBreakpoints done
Event: 546.093 Executing VM operation: GetOrSetLocal


Dynamic libraries:
0x00007fff44643000 	/System/Library/Frameworks/Cocoa.framework/Versions/A/Cocoa
0x00007fff50c5c000 	/System/Library/Frameworks/Security.framework/Versions/A/Security
0x00007fff43285000 	/System/Library/Frameworks/ApplicationServices.framework/Versions/A/ApplicationServices
0x00007fff6cb77000 	/usr/lib/libz.1.dylib
0x00007fff6aaa8000 	/usr/lib/libSystem.B.dylib
0x00007fff6c161000 	/usr/lib/libobjc.A.dylib
0x00007fff44df6000 	/System/Library/Frameworks/CoreFoundation.framework/Versions/A/CoreFoundation
0x00007fff46f57000 	/System/Library/Frameworks/Foundation.framework/Versions/C/Foundation
0x00007fff423d5000 	/System/Library/Frameworks/AppKit.framework/Versions/C/AppKit
0x00007fff449bb000 	/System/Library/Frameworks/CoreData.framework/Versions/A/CoreData
0x00007fff64366000 	/System/Library/PrivateFrameworks/RemoteViewServices.framework/Versions/A/RemoteViewServices
0x00007fff68ada000 	/System/Library/PrivateFrameworks/UIFoundation.framework/Versions/A/UIFoundation
0x00007fff59171000 	/System/Library/PrivateFrameworks/DFRFoundation.framework/Versions/A/DFRFoundation
0x00007fff495c3000 	/System/Library/Frameworks/Metal.framework/Versions/A/Metal
0x00007fff5930e000 	/System/Library/PrivateFrameworks/DesktopServicesPriv.framework/Versions/A/DesktopServicesPriv
0x00007fff6b6ae000 	/usr/lib/libenergytrace.dylib
0x00007fff66b46000 	/System/Library/PrivateFrameworks/SkyLight.framework/Versions/A/SkyLight
0x00007fff45299000 	/System/Library/Frameworks/CoreGraphics.framework/Versions/A/CoreGraphics
0x00007fff6aaa3000 	/usr/lib/libScreenReader.dylib
0x00007fff4136f000 	/System/Library/Frameworks/Accelerate.framework/Versions/A/Accelerate
0x00007fff476d1000 	/System/Library/Frameworks/IOSurface.framework/Versions/A/IOSurface
0x00007fff437cf000 	/System/Library/Frameworks/AudioToolbox.framework/Versions/A/AudioToolbox
0x00007fff43a5f000 	/System/Library/Frameworks/AudioUnit.framework/Versions/A/AudioUnit
0x00007fff59209000 	/System/Library/PrivateFrameworks/DataDetectorsCore.framework/Versions/A/DataDetectorsCore
0x00007fff44136000 	/System/Library/Frameworks/Carbon.framework/Versions/A/Frameworks/HIToolbox.framework/Versions/A/HIToolbox
0x00007fff6b808000 	/usr/lib/libicucore.A.dylib
0x00007fff501db000 	/System/Library/Frameworks/QuartzCore.framework/Versions/A/QuartzCore
0x00007fff65de8000 	/System/Library/PrivateFrameworks/SignpostNotification.framework/Versions/A/SignpostNotification
0x00007fff4451c000 	/System/Library/Frameworks/Carbon.framework/Versions/A/Frameworks/SpeechRecognition.framework/Versions/A/SpeechRecognition
0x00007fff6ac04000 	/usr/lib/libauto.dylib
0x00007fff6ca66000 	/usr/lib/libxml2.2.dylib
0x00007fff58dc1000 	/System/Library/PrivateFrameworks/CoreUI.framework/Versions/A/CoreUI
0x00007fff44897000 	/System/Library/Frameworks/CoreAudio.framework/Versions/A/CoreAudio
0x00007fff46d91000 	/System/Library/Frameworks/DiskArbitration.framework/Versions/A/DiskArbitration
0x00007fff6ba7c000 	/usr/lib/liblangid.dylib
0x00007fff6086d000 	/System/Library/PrivateFrameworks/MultitouchSupport.framework/Versions/A/MultitouchSupport
0x00007fff47634000 	/System/Library/Frameworks/IOKit.framework/Versions/A/IOKit
0x00007fff6a732000 	/usr/lib/libDiagnosticMessagesClient.dylib
0x00007fff45f6f000 	/System/Library/Frameworks/CoreServices.framework/Versions/A/CoreServices
0x00007fff6239e000 	/System/Library/PrivateFrameworks/PerformanceAnalysis.framework/Versions/A/PerformanceAnalysis
0x00007fff4f37d000 	/System/Library/Frameworks/OpenGL.framework/Versions/A/OpenGL
0x00007fff44651000 	/System/Library/Frameworks/ColorSync.framework/Versions/A/ColorSync
0x00007fff458ab000 	/System/Library/Frameworks/CoreImage.framework/Versions/A/CoreImage
0x00007fff468ff000 	/System/Library/Frameworks/CoreText.framework/Versions/A/CoreText
0x00007fff4772f000 	/System/Library/Frameworks/ImageIO.framework/Versions/A/ImageIO
0x00007fff55a6d000 	/System/Library/PrivateFrameworks/Backup.framework/Versions/A/Backup
0x00007fff6ab54000 	/usr/lib/libarchive.2.dylib
0x00007fff43d82000 	/System/Library/Frameworks/CFNetwork.framework/Versions/A/CFNetwork
0x00007fff513ef000 	/System/Library/Frameworks/SystemConfiguration.framework/Versions/A/SystemConfiguration
0x00007fff6a65b000 	/usr/lib/libCRFSuite.dylib
0x00007fff6acdd000 	/usr/lib/libc++.1.dylib
0x00007fff6ad34000 	/usr/lib/libc++abi.dylib
0x00007fff6cc25000 	/usr/lib/system/libcache.dylib
0x00007fff6cc2a000 	/usr/lib/system/libcommonCrypto.dylib
0x00007fff6cc35000 	/usr/lib/system/libcompiler_rt.dylib
0x00007fff6cc3d000 	/usr/lib/system/libcopyfile.dylib
0x00007fff6cc47000 	/usr/lib/system/libcorecrypto.dylib
0x00007fff6cd54000 	/usr/lib/system/libdispatch.dylib
0x00007fff6cd8e000 	/usr/lib/system/libdyld.dylib
0x00007fff6cdac000 	/usr/lib/system/libkeymgr.dylib
0x00007fff6cdba000 	/usr/lib/system/liblaunch.dylib
0x00007fff6cdbb000 	/usr/lib/system/libmacho.dylib
0x00007fff6cdc0000 	/usr/lib/system/libquarantine.dylib
0x00007fff6cdc3000 	/usr/lib/system/libremovefile.dylib
0x00007fff6cdc5000 	/usr/lib/system/libsystem_asl.dylib
0x00007fff6cddd000 	/usr/lib/system/libsystem_blocks.dylib
0x00007fff6cdde000 	/usr/lib/system/libsystem_c.dylib
0x00007fff6ce68000 	/usr/lib/system/libsystem_configuration.dylib
0x00007fff6ce6c000 	/usr/lib/system/libsystem_coreservices.dylib
0x00007fff6ce70000 	/usr/lib/system/libsystem_darwin.dylib
0x00007fff6ce72000 	/usr/lib/system/libsystem_dnssd.dylib
0x00007fff6ce79000 	/usr/lib/system/libsystem_info.dylib
0x00007fff6ceea000 	/usr/lib/system/libsystem_m.dylib
0x00007fff6cf36000 	/usr/lib/system/libsystem_malloc.dylib
0x00007fff6cf56000 	/usr/lib/system/libsystem_network.dylib
0x00007fff6d087000 	/usr/lib/system/libsystem_networkextension.dylib
0x00007fff6d092000 	/usr/lib/system/libsystem_notify.dylib
0x00007fff6d0b0000 	/usr/lib/system/libsystem_sandbox.dylib
0x00007fff6d0b4000 	/usr/lib/system/libsystem_secinit.dylib
0x00007fff6cec3000 	/usr/lib/system/libsystem_kernel.dylib
0x00007fff6d09c000 	/usr/lib/system/libsystem_platform.dylib
0x00007fff6d0a4000 	/usr/lib/system/libsystem_pthread.dylib
0x00007fff6d0b6000 	/usr/lib/system/libsystem_symptoms.dylib
0x00007fff6d0be000 	/usr/lib/system/libsystem_trace.dylib
0x00007fff6d0d3000 	/usr/lib/system/libunwind.dylib
0x00007fff6d0d9000 	/usr/lib/system/libxpc.dylib
0x00007fff6a56e000 	/usr/lib/closure/libclosured.dylib
0x00007fff6acbe000 	/usr/lib/libbsm.0.dylib
0x00007fff6cdad000 	/usr/lib/system/libkxld.dylib
0x00007fff6a96c000 	/usr/lib/libOpenScriptingUtil.dylib
0x00007fff6b02d000 	/usr/lib/libcoretls.dylib
0x00007fff6b046000 	/usr/lib/libcoretls_cfhelpers.dylib
0x00007fff6c562000 	/usr/lib/libpam.2.dylib
0x00007fff6c689000 	/usr/lib/libsqlite3.dylib
0x00007fff6ca55000 	/usr/lib/libxar.1.dylib
0x00007fff6accf000 	/usr/lib/libbz2.1.0.dylib
0x00007fff6ba7e000 	/usr/lib/liblzma.5.dylib
0x00007fff6bf5f000 	/usr/lib/libnetwork.dylib
0x00007fff6ab3d000 	/usr/lib/libapple_nghttp2.dylib
0x00007fff6c569000 	/usr/lib/libpcap.A.dylib
0x00007fff6ac05000 	/usr/lib/libboringssl.dylib
0x00007fff6c9f0000 	/usr/lib/libusrtcp.dylib
0x00007fff6ab3c000 	/usr/lib/libapple_crypto.dylib
0x00007fff462f2000 	/System/Library/Frameworks/CoreServices.framework/Versions/A/Frameworks/FSEvents.framework/Versions/A/FSEvents
0x00007fff45fe5000 	/System/Library/Frameworks/CoreServices.framework/Versions/A/Frameworks/CarbonCore.framework/Versions/A/CarbonCore
0x00007fff464b9000 	/System/Library/Frameworks/CoreServices.framework/Versions/A/Frameworks/Metadata.framework/Versions/A/Metadata
0x00007fff4656a000 	/System/Library/Frameworks/CoreServices.framework/Versions/A/Frameworks/OSServices.framework/Versions/A/OSServices
0x00007fff465cb000 	/System/Library/Frameworks/CoreServices.framework/Versions/A/Frameworks/SearchKit.framework/Versions/A/SearchKit
0x00007fff45f70000 	/System/Library/Frameworks/CoreServices.framework/Versions/A/Frameworks/AE.framework/Versions/A/AE
0x00007fff462fb000 	/System/Library/Frameworks/CoreServices.framework/Versions/A/Frameworks/LaunchServices.framework/Versions/A/LaunchServices
0x00007fff462bd000 	/System/Library/Frameworks/CoreServices.framework/Versions/A/Frameworks/DictionaryServices.framework/Versions/A/DictionaryServices
0x00007fff4663a000 	/System/Library/Frameworks/CoreServices.framework/Versions/A/Frameworks/SharedFileList.framework/Versions/A/SharedFileList
0x00007fff4a7f9000 	/System/Library/Frameworks/NetFS.framework/Versions/A/NetFS
0x00007fff60afe000 	/System/Library/PrivateFrameworks/NetAuth.framework/Versions/A/NetAuth
0x00007fff6a405000 	/System/Library/PrivateFrameworks/login.framework/Versions/A/Frameworks/loginsupport.framework/Versions/A/loginsupport
0x00007fff68757000 	/System/Library/PrivateFrameworks/TCC.framework/Versions/A/TCC
0x00007fff6bb5f000 	/usr/lib/libmecabra.dylib
0x00007fff43286000 	/System/Library/Frameworks/ApplicationServices.framework/Versions/A/Frameworks/ATS.framework/Versions/A/ATS
0x00007fff43634000 	/System/Library/Frameworks/ApplicationServices.framework/Versions/A/Frameworks/ColorSyncLegacy.framework/Versions/A/ColorSyncLegacy
0x00007fff436d8000 	/System/Library/Frameworks/ApplicationServices.framework/Versions/A/Frameworks/HIServices.framework/Versions/A/HIServices
0x00007fff4372b000 	/System/Library/Frameworks/ApplicationServices.framework/Versions/A/Frameworks/LangAnalysis.framework/Versions/A/LangAnalysis
0x00007fff4373a000 	/System/Library/Frameworks/ApplicationServices.framework/Versions/A/Frameworks/PrintCore.framework/Versions/A/PrintCore
0x00007fff43787000 	/System/Library/Frameworks/ApplicationServices.framework/Versions/A/Frameworks/QD.framework/Versions/A/QD
0x00007fff437c2000 	/System/Library/Frameworks/ApplicationServices.framework/Versions/A/Frameworks/SpeechSynthesis.framework/Versions/A/SpeechSynthesis
0x00007fff44d12000 	/System/Library/Frameworks/CoreDisplay.framework/Versions/A/CoreDisplay
0x00007fff41387000 	/System/Library/Frameworks/Accelerate.framework/Versions/A/Frameworks/vImage.framework/Versions/A/vImage
0x00007fff420e1000 	/System/Library/Frameworks/Accelerate.framework/Versions/A/Frameworks/vecLib.framework/Versions/A/vecLib
0x00007fff41e81000 	/System/Library/Frameworks/Accelerate.framework/Versions/A/Frameworks/vecLib.framework/Versions/A/libvDSP.dylib
0x00007fff419e1000 	/System/Library/Frameworks/Accelerate.framework/Versions/A/Frameworks/vecLib.framework/Versions/A/libBNNS.dylib
0x00007fff41de6000 	/System/Library/Frameworks/Accelerate.framework/Versions/A/Frameworks/vecLib.framework/Versions/A/libQuadrature.dylib
0x00007fff4202f000 	/System/Library/Frameworks/Accelerate.framework/Versions/A/Frameworks/vecLib.framework/Versions/A/libvMisc.dylib
0x00007fff41a10000 	/System/Library/Frameworks/Accelerate.framework/Versions/A/Frameworks/vecLib.framework/Versions/A/libLAPACK.dylib
0x00007fff41886000 	/System/Library/Frameworks/Accelerate.framework/Versions/A/Frameworks/vecLib.framework/Versions/A/libBLAS.dylib
0x00007fff41dd0000 	/System/Library/Frameworks/Accelerate.framework/Versions/A/Frameworks/vecLib.framework/Versions/A/libLinearAlgebra.dylib
0x00007fff41dec000 	/System/Library/Frameworks/Accelerate.framework/Versions/A/Frameworks/vecLib.framework/Versions/A/libSparse.dylib
0x00007fff41e6d000 	/System/Library/Frameworks/Accelerate.framework/Versions/A/Frameworks/vecLib.framework/Versions/A/libSparseBLAS.dylib
0x00007fff5d94d000 	/System/Library/PrivateFrameworks/GPUWrangler.framework/Versions/A/GPUWrangler
0x00007fff5f0de000 	/System/Library/PrivateFrameworks/IOAccelerator.framework/Versions/A/IOAccelerator
0x00007fff5f0e9000 	/System/Library/PrivateFrameworks/IOPresentment.framework/Versions/A/IOPresentment
0x00007fff59183000 	/System/Library/PrivateFrameworks/DSExternalDisplay.framework/Versions/A/DSExternalDisplay
0x00007fff4e7fc000 	/System/Library/Frameworks/OpenGL.framework/Versions/A/Libraries/libCoreFSCache.dylib
0x00007fff46a50000 	/System/Library/Frameworks/CoreVideo.framework/Versions/A/CoreVideo
0x00007fff5e6c8000 	/System/Library/PrivateFrameworks/GraphVisualizer.framework/Versions/A/GraphVisualizer
0x00007fff497fa000 	/System/Library/Frameworks/MetalPerformanceShaders.framework/Versions/A/MetalPerformanceShaders
0x00007fff6a76a000 	/usr/lib/libFosl_dynamic.dylib
0x00007fff5a257000 	/System/Library/PrivateFrameworks/FaceCore.framework/Versions/A/FaceCore
0x00007fff4d5f7000 	/System/Library/Frameworks/OpenCL.framework/Versions/A/OpenCL
0x00007fff6ad6b000 	/usr/lib/libcompression.dylib
0x00007fff43385000 	/System/Library/Frameworks/ApplicationServices.framework/Versions/A/Frameworks/ATS.framework/Versions/A/Resources/libFontParser.dylib
0x00007fff434a8000 	/System/Library/Frameworks/ApplicationServices.framework/Versions/A/Frameworks/ATS.framework/Versions/A/Resources/libFontRegistry.dylib
0x00007fff47997000 	/System/Library/Frameworks/ImageIO.framework/Versions/A/Resources/libJPEG.dylib
0x00007fff47cc0000 	/System/Library/Frameworks/ImageIO.framework/Versions/A/Resources/libTIFF.dylib
0x00007fff47c96000 	/System/Library/Frameworks/ImageIO.framework/Versions/A/Resources/libPng.dylib
0x00007fff478aa000 	/System/Library/Frameworks/ImageIO.framework/Versions/A/Resources/libGIF.dylib
0x00007fff478af000 	/System/Library/Frameworks/ImageIO.framework/Versions/A/Resources/libJP2.dylib
0x00007fff47cbd000 	/System/Library/Frameworks/ImageIO.framework/Versions/A/Resources/libRadiance.dylib
0x00007fff55197000 	/System/Library/PrivateFrameworks/AppleJPEG.framework/Versions/A/AppleJPEG
0x00007fff49661000 	/System/Library/Frameworks/MetalPerformanceShaders.framework/Frameworks/MPSCore.framework/Versions/A/MPSCore
0x00007fff4967d000 	/System/Library/Frameworks/MetalPerformanceShaders.framework/Frameworks/MPSImage.framework/Versions/A/MPSImage
0x00007fff49712000 	/System/Library/Frameworks/MetalPerformanceShaders.framework/Frameworks/MPSNeuralNetwork.framework/Versions/A/MPSNeuralNetwork
0x00007fff496ed000 	/System/Library/Frameworks/MetalPerformanceShaders.framework/Frameworks/MPSMatrix.framework/Versions/A/MPSMatrix
0x00007fff605df000 	/System/Library/PrivateFrameworks/MetalTools.framework/Versions/A/MetalTools
0x00007fff4e9c7000 	/System/Library/Frameworks/OpenGL.framework/Versions/A/Libraries/libGLU.dylib
0x00007fff4e807000 	/System/Library/Frameworks/OpenGL.framework/Versions/A/Libraries/libGFXShared.dylib
0x00007fff4e811000 	/System/Library/Frameworks/OpenGL.framework/Versions/A/Libraries/libGL.dylib
0x00007fff4e81d000 	/System/Library/Frameworks/OpenGL.framework/Versions/A/Libraries/libGLImage.dylib
0x00007fff4e7f9000 	/System/Library/Frameworks/OpenGL.framework/Versions/A/Libraries/libCVMSPluginSupport.dylib
0x00007fff4e802000 	/System/Library/Frameworks/OpenGL.framework/Versions/A/Libraries/libCoreVMClient.dylib
0x00007fff6b518000 	/usr/lib/libcups.2.dylib
0x00007fff48bc8000 	/System/Library/Frameworks/Kerberos.framework/Versions/A/Kerberos
0x00007fff4738e000 	/System/Library/Frameworks/GSS.framework/Versions/A/GSS
0x00007fff6c61c000 	/usr/lib/libresolv.9.dylib
0x00007fff6b716000 	/usr/lib/libiconv.2.dylib
0x00007fff5e75a000 	/System/Library/PrivateFrameworks/Heimdal.framework/Versions/A/Heimdal
0x00007fff6b6e5000 	/usr/lib/libheimdal-asn1.dylib
0x00007fff4d66f000 	/System/Library/Frameworks/OpenDirectory.framework/Versions/A/OpenDirectory
0x00007fff574ae000 	/System/Library/PrivateFrameworks/CommonAuth.framework/Versions/A/CommonAuth
0x00007fff4d652000 	/System/Library/Frameworks/OpenDirectory.framework/Versions/A/Frameworks/CFOpenDirectory.framework/Versions/A/CFOpenDirectory
0x00007fff50f88000 	/System/Library/Frameworks/SecurityFoundation.framework/Versions/A/SecurityFoundation
0x00007fff5435c000 	/System/Library/PrivateFrameworks/APFS.framework/Versions/A/APFS
0x00007fff6ca51000 	/usr/lib/libutil.dylib
0x00007fff5521a000 	/System/Library/PrivateFrameworks/AppleSauce.framework/Versions/A/AppleSauce
0x00007fff5f8c6000 	/System/Library/PrivateFrameworks/LinguisticData.framework/Versions/A/LinguisticData
0x00007fff6ba98000 	/usr/lib/libmarisa.dylib
0x00007fff5f880000 	/System/Library/PrivateFrameworks/Lexicon.framework/Versions/A/Lexicon
0x00007fff6a695000 	/usr/lib/libChineseTokenizer.dylib
0x00007fff6ad5a000 	/usr/lib/libcmph.dylib
0x00007fff5f78a000 	/System/Library/PrivateFrameworks/LanguageModeling.framework/Versions/A/LanguageModeling
0x00007fff57fcb000 	/System/Library/PrivateFrameworks/CoreEmoji.framework/Versions/A/CoreEmoji
0x00007fff51046000 	/System/Library/Frameworks/ServiceManagement.framework/Versions/A/ServiceManagement
0x00007fff55a65000 	/System/Library/PrivateFrameworks/BackgroundTaskManagement.framework/Versions/A/BackgroundTaskManagement
0x00007fff6cb4e000 	/usr/lib/libxslt.1.dylib
0x00007fff44446000 	/System/Library/Frameworks/Carbon.framework/Versions/A/Frameworks/Ink.framework/Versions/A/Ink
0x00007fff6896c000 	/System/Library/PrivateFrameworks/TextureIO.framework/Versions/A/TextureIO
0x00007fff6ab7f000 	/usr/lib/libate.dylib
0x00007fff590e2000 	/System/Library/PrivateFrameworks/CrashReporterSupport.framework/Versions/A/CrashReporterSupport
0x00007fff65ca8000 	/System/Library/PrivateFrameworks/Sharing.framework/Versions/A/Sharing
0x00007fff5f4cb000 	/System/Library/PrivateFrameworks/IconServices.framework/Versions/A/IconServices
0x00007fff55695000 	/System/Library/PrivateFrameworks/AuthKit.framework/Versions/A/AuthKit
0x00007fff5501a000 	/System/Library/PrivateFrameworks/Apple80211.framework/Versions/A/Apple80211
0x00007fff58ef7000 	/System/Library/PrivateFrameworks/CoreUtils.framework/Versions/A/CoreUtils
0x00007fff46a8b000 	/System/Library/Frameworks/CoreWLAN.framework/Versions/A/CoreWLAN
0x00007fff474d0000 	/System/Library/Frameworks/IOBluetooth.framework/Versions/A/IOBluetooth
0x00007fff6416d000 	/System/Library/PrivateFrameworks/ProtocolBuffer.framework/Versions/A/ProtocolBuffer
0x00007fff607c8000 	/System/Library/PrivateFrameworks/MobileKeyBag.framework/Versions/A/MobileKeyBag
0x00007fff5876f000 	/System/Library/PrivateFrameworks/CorePhoneNumbers.framework/Versions/A/CorePhoneNumbers
0x00007fff55152000 	/System/Library/PrivateFrameworks/AppleIDAuthSupport.framework/Versions/A/AppleIDAuthSupport
0x00007fff5f776000 	/System/Library/PrivateFrameworks/KeychainCircle.framework/Versions/A/KeychainCircle
0x00007fff5907d000 	/System/Library/PrivateFrameworks/CoreWiFi.framework/Versions/A/CoreWiFi
0x00007fff44991000 	/System/Library/Frameworks/CoreBluetooth.framework/Versions/A/CoreBluetooth
0x00007fff592cd000 	/System/Library/PrivateFrameworks/DebugSymbols.framework/Versions/A/DebugSymbols
0x00007fff58cad000 	/System/Library/PrivateFrameworks/CoreSymbolication.framework/Versions/A/CoreSymbolication
0x00007fff6815e000 	/System/Library/PrivateFrameworks/Symbolication.framework/Versions/A/Symbolication
0x00007fff55044000 	/System/Library/PrivateFrameworks/AppleFSCompression.framework/Versions/A/AppleFSCompression
0x00007fff675ab000 	/System/Library/PrivateFrameworks/SpeechRecognitionCore.framework/Versions/A/SpeechRecognitionCore
0x00007fff3cf6c000 	/System/Library/CoreServices/Encodings/libSimplifiedChineseConverter.dylib
0x000000010a200000 	/Library/Java/JavaVirtualMachines/jdk1.8.0_181.jdk/Contents/Home/jre/lib/server/libjvm.dylib
0x00007fff6c91e000 	/usr/lib/libstdc++.6.0.9.dylib
0x000000010903c000 	/Library/Java/JavaVirtualMachines/jdk1.8.0_181.jdk/Contents/Home/jre/lib/libverify.dylib
0x000000010904a000 	/Library/Java/JavaVirtualMachines/jdk1.8.0_181.jdk/Contents/Home/jre/lib/libjava.dylib
0x0000000109081000 	/Library/Java/JavaVirtualMachines/jdk1.8.0_181.jdk/Contents/Home/jre/lib/libjdwp.dylib
0x00000001090cc000 	/Library/Java/JavaVirtualMachines/jdk1.8.0_181.jdk/Contents/Home/jre/lib/libnpt.dylib
0x00000001090d0000 	/Library/Java/JavaVirtualMachines/jdk1.8.0_181.jdk/Contents/Home/jre/lib/libinstrument.dylib
0x000000010916e000 	/Library/Java/JavaVirtualMachines/jdk1.8.0_181.jdk/Contents/Home/jre/lib/libzip.dylib
0x0000000111c2b000 	/Library/Java/JavaVirtualMachines/jdk1.8.0_181.jdk/Contents/Home/jre/lib/libdt_socket.dylib

VM Arguments:
jvm_args: -agentlib:jdwp=transport=dt_socket,address=127.0.0.1:54124,suspend=y,server=n -javaagent:/Users/chen/Library/Caches/IntelliJIdea2018.1/captureAgent/debugger-agent.jar=file:/private/var/folders/__/1l0tdxwj15n_m7g26nlr2c_h0000gn/T/capture.props -Dfile.encoding=UTF-8 
java_command: Leetcode.ReverseInteger
java_class_path (initial): /Library/Java/JavaVirtualMachines/jdk1.8.0_181.jdk/Contents/Home/jre/lib/charsets.jar:/Library/Java/JavaVirtualMachines/jdk1.8.0_181.jdk/Contents/Home/jre/lib/deploy.jar:/Library/Java/JavaVirtualMachines/jdk1.8.0_181.jdk/Contents/Home/jre/lib/ext/cldrdata.jar:/Library/Java/JavaVirtualMachines/jdk1.8.0_181.jdk/Contents/Home/jre/lib/ext/dnsns.jar:/Library/Java/JavaVirtualMachines/jdk1.8.0_181.jdk/Contents/Home/jre/lib/ext/jaccess.jar:/Library/Java/JavaVirtualMachines/jdk1.8.0_181.jdk/Contents/Home/jre/lib/ext/jfxrt.jar:/Library/Java/JavaVirtualMachines/jdk1.8.0_181.jdk/Contents/Home/jre/lib/ext/localedata.jar:/Library/Java/JavaVirtualMachines/jdk1.8.0_181.jdk/Contents/Home/jre/lib/ext/nashorn.jar:/Library/Java/JavaVirtualMachines/jdk1.8.0_181.jdk/Contents/Home/jre/lib/ext/sunec.jar:/Library/Java/JavaVirtualMachines/jdk1.8.0_181.jdk/Contents/Home/jre/lib/ext/sunjce_provider.jar:/Library/Java/JavaVirtualMachines/jdk1.8.0_181.jdk/Contents/Home/jre/lib/ext/sunpkcs11.jar:/Library/Java/JavaVirtualMachines/jdk1.8.0_181.jdk/Contents/Home/jre/lib/ext/zipfs.jar:/Library/Java/JavaVirtualMachines/jdk1.8.0_181.jdk/Contents/Home/jre/lib/javaws.jar:/Library/Java/JavaVirtualMachines/jdk1.8.0_181.jdk/Contents/Home/jre/lib/jce.jar:/Library/Java/JavaVirtualMachines/jdk1.8.0_181.jdk/Contents/Home/jre/lib/jfr.jar:/Library/Java/JavaVirtualMachines/jdk1.8.0_181.jdk/Contents/Home/jre/lib/jfxswt.jar:/Library/Java/JavaVirtualMachines/jdk1.8.0_181.jdk/Contents/Home/jre/lib/jsse.jar:/Library/Java/JavaVirtualMachines/jdk1.8.0_181.jdk/Contents/Home/jre/lib/management-agent.jar:/Library/Java/JavaVirtualMachines/jdk1.8.0_181.jdk/Contents/Home/jre/lib/plugin.jar:/Library/Java/JavaVirtualMachines/jdk1.8.0_181.jdk/Contents/Home/jre/lib/resources.jar:/Library/Java/JavaVirtualMachines/jdk1.8.0_181.jdk/Contents/Home/jre/lib/rt.jar:/Library/Java/JavaVirtualMachines/jdk1.8.0_181.jdk/Contents/Home/lib/ant-javafx.jar:/Library/Java/JavaVirtualMachines/jdk1.8.0_181.jdk/Contents/Home
Launcher Type: SUN_STANDARD

Environment Variables:
PATH=/usr/local/bin:/usr/bin:/bin:/usr/sbin:/sbin:/Library/TeX/texbin:/opt/scala-2.12.6/bin:/opt/spark-2.3.1-bin-hadoop2.7/bin:/opt/spark-2.3.1-bin-hadoop2.7/sbin
SHELL=/bin/zsh

Signal Handlers:
SIGSEGV: [libjvm.dylib+0x5b6029], sa_mask[0]=11111111011111110111111111111111, sa_flags=SA_ONSTACK|SA_RESTART|SA_SIGINFO
SIGBUS: [libjvm.dylib+0x5b6029], sa_mask[0]=11111111011111110111111111111111, sa_flags=SA_RESTART|SA_SIGINFO
SIGFPE: [libjvm.dylib+0x48b934], sa_mask[0]=11111111011111110111111111111111, sa_flags=SA_RESTART|SA_SIGINFO
SIGPIPE: [libjvm.dylib+0x48b934], sa_mask[0]=11111111011111110111111111111111, sa_flags=SA_RESTART|SA_SIGINFO
SIGXFSZ: [libjvm.dylib+0x48b934], sa_mask[0]=11111111011111110111111111111111, sa_flags=SA_RESTART|SA_SIGINFO
SIGILL: [libjvm.dylib+0x48b934], sa_mask[0]=11111111011111110111111111111111, sa_flags=SA_RESTART|SA_SIGINFO
SIGUSR1: SIG_DFL, sa_mask[0]=00000000000000000000000000000000, sa_flags=none
SIGUSR2: [libjvm.dylib+0x48b452], sa_mask[0]=00100000000000000000000000000000, sa_flags=SA_RESTART|SA_SIGINFO
SIGHUP: [libjvm.dylib+0x489a1d], sa_mask[0]=11111111011111110111111111111111, sa_flags=SA_RESTART|SA_SIGINFO
SIGINT: [libjvm.dylib+0x489a1d], sa_mask[0]=11111111011111110111111111111111, sa_flags=SA_RESTART|SA_SIGINFO
SIGTERM: [libjvm.dylib+0x489a1d], sa_mask[0]=11111111011111110111111111111111, sa_flags=SA_RESTART|SA_SIGINFO
SIGQUIT: [libjvm.dylib+0x489a1d], sa_mask[0]=11111111011111110111111111111111, sa_flags=SA_RESTART|SA_SIGINFO


---------------  S Y S T E M  ---------------

OS:Bsduname:Darwin 17.7.0 Darwin Kernel Version 17.7.0: Thu Jun 21 22:59:54 PDT 2018; root:xnu-4570.71.2~2/RELEASE_X86_64 x86_64
rlimit: STACK 8192k, CORE 0k, NPROC 709, NOFILE 10240, AS infinity
load average:5.73 5.37 3.67

CPU:total 8 (initial active 8) (4 cores per cpu, 2 threads per core) family 6 model 142 stepping 10, cmov, cx8, fxsr, mmx, sse, sse2, sse3, ssse3, sse4.1, sse4.2, popcnt, avx, avx2, aes, clmul, erms, 3dnowpref, lzcnt, ht, tsc, tscinvbit, bmi1, bmi2, adx

Memory: 4k page, physical 8388608k(1118396k free)

/proc/meminfo:


vm_info: Java HotSpot(TM) 64-Bit Server VM (25.181-b13) for bsd-amd64 JRE (1.8.0_181-b13), built on Jul  7 2018 01:02:31 by "java_re" with gcc 4.2.1 (Based on Apple Inc. build 5658) (LLVM build 2336.11.00)

time: Wed Oct 31 17:54:47 2018
elapsed time: 546 seconds (0d 0h 9m 6s)

